"2024-07-15T11:06:15.614Z - GET /Diaries/07-14-2024"
"2024-07-15T11:06:25.054Z - GET /Diaries/07-14-2024"
"2024-07-15T11:06:28.285Z - GET /Diaries/07-14-2024"
"2024-07-15T11:07:13.145Z - GET /Diaries/07-14-2024"
"2024-07-15T11:07:26.659Z - PUT /Diaries/IncRate/UbQHCCxK-XS0r4diiAwWl/07122024"
"2024-07-15T11:10:23.908Z - GET /Diaries/07152024"
"2024-07-15T11:10:23.915Z - GET /Diaries/07152024"
"2024-07-15T11:10:44.904Z - POST /Diaries"
"2024-07-15T11:10:46.999Z - GET /Diaries/07152024"
"2024-07-15T11:10:47.004Z - GET /Diaries/07152024"
"2024-07-15T11:10:55.486Z - PUT /Diaries/IncRate/5HONDrmUAZYQuO1kUtZfE/07152024"
"2024-07-15T11:10:56.578Z - PUT /Diaries/IncRate/5HONDrmUAZYQuO1kUtZfE/07152024"
"2024-07-15T11:10:58.074Z - PUT /Diaries/IncRate/5HONDrmUAZYQuO1kUtZfE/07152024"
"2024-07-15T11:10:58.790Z - PUT /Diaries/IncRate/5HONDrmUAZYQuO1kUtZfE/07152024"
"2024-07-15T11:11:01.192Z - GET /Diaries/07152024"
"2024-07-15T11:11:01.199Z - GET /Diaries/07152024"
"2024-07-15T11:11:04.464Z - PUT /Diaries/DecRate/5HONDrmUAZYQuO1kUtZfE/07152024"
"2024-07-15T11:11:05.153Z - PUT /Diaries/DecRate/5HONDrmUAZYQuO1kUtZfE/07152024"
"2024-07-15T11:11:33.535Z - GET /Diaries/07142024"
"2024-07-15T11:11:36.000Z - GET /Diaries/07152024"
"2024-07-15T11:11:37.326Z - GET /Diaries/07142024"
"2024-07-15T11:11:38.564Z - GET /Diaries/07132024"
"2024-07-15T11:11:39.758Z - GET /Diaries/07122024"
"2024-07-15T11:11:41.084Z - GET /Diaries/07112024"
"2024-07-15T11:11:43.543Z - GET /Diaries/07122024"
"2024-07-15T11:11:46.527Z - GET /Diaries/07132024"
"2024-07-15T11:11:47.611Z - GET /Diaries/07142024"
"2024-07-15T11:11:50.325Z - GET /Diaries/07132024"
"2024-07-15T11:11:51.383Z - GET /Diaries/07122024"
"2024-07-15T11:11:51.978Z - GET /Diaries/07112024"
"2024-07-15T11:11:52.807Z - GET /Diaries/07102024"
"2024-07-15T11:11:59.952Z - GET /Diaries/07112024"
"2024-07-15T11:12:01.106Z - GET /Diaries/07122024"
"2024-07-15T11:20:14.197Z - GET /Diaries/07152024"
"2024-07-15T11:20:14.201Z - GET /Diaries/07152024"
"2024-07-15T11:20:16.443Z - GET /Diaries/07142024"
"2024-07-15T11:20:17.249Z - GET /Diaries/07132024"
"2024-07-15T11:20:18.652Z - GET /Diaries/07122024"
"2024-07-15T11:23:13.373Z - GET /Diaries/07122024"
"2024-07-15T11:23:15.538Z - GET /Diaries/07132024"
"2024-07-15T11:23:16.797Z - GET /Diaries/07142024"
"2024-07-15T11:23:17.856Z - GET /Diaries/07132024"
"2024-07-15T11:23:18.256Z - GET /Diaries/07122024"
"2024-07-15T11:23:18.856Z - GET /Diaries/07112024"
"2024-07-15T11:23:19.763Z - GET /Diaries/07102024"
"2024-07-15T11:23:20.994Z - GET /Diaries/07092024"
"2024-07-15T11:23:36.468Z - GET /Diaries/07102024"
"2024-07-15T11:23:39.181Z - GET /Diaries/07092024"
"2024-07-15T11:23:43.169Z - GET /Diaries/07082024"
"2024-07-15T11:25:08.382Z - GET /Diaries/07082024"
"2024-07-15T11:25:56.376Z - GET /Diaries/07082024"
"2024-07-15T11:25:58.831Z - GET /Diaries/07092024"
"2024-07-15T11:26:00.533Z - GET /Diaries/07102024"
"2024-07-15T11:26:02.191Z - GET /Diaries/07092024"
"2024-07-15T11:26:02.905Z - GET /Diaries/07082024"
"2024-07-15T11:26:12.374Z - GET /Diaries/07082024"
"2024-07-15T11:26:14.933Z - GET /Diaries/07092024"
"2024-07-15T11:26:15.976Z - GET /Diaries/07082024"
"2024-07-15T11:26:16.172Z - GET /Diaries/07072024"
"2024-07-15T11:26:16.342Z - GET /Diaries/07062024"
"2024-07-15T11:26:18.273Z - GET /Diaries/07152024"
"2024-07-15T11:26:18.286Z - GET /Diaries/07152024"
"2024-07-15T11:26:19.882Z - GET /Diaries/07142024"
"2024-07-15T11:26:21.336Z - GET /Diaries/07132024"
"2024-07-15T11:26:22.743Z - GET /Diaries/07122024"
"2024-07-15T11:26:23.723Z - GET /Diaries/07112024"
"2024-07-15T11:26:24.536Z - GET /Diaries/07102024"
"2024-07-15T11:26:25.208Z - GET /Diaries/07092024"
"2024-07-15T11:26:25.824Z - GET /Diaries/07082024"
"2024-07-15T11:26:26.399Z - GET /Diaries/07072024"
"2024-07-15T11:26:26.869Z - GET /Diaries/07062024"
"2024-07-15T11:26:27.271Z - GET /Diaries/07052024"
"2024-07-15T11:26:59.392Z - GET /Diaries/07052024"
"2024-07-15T11:27:03.850Z - GET /Diaries/07062024"
"2024-07-15T11:27:04.281Z - GET /Diaries/07072024"
"2024-07-15T11:27:04.455Z - GET /Diaries/07082024"
"2024-07-15T11:27:04.610Z - GET /Diaries/07092024"
"2024-07-15T11:27:04.784Z - GET /Diaries/07102024"
"2024-07-15T11:27:04.966Z - GET /Diaries/07112024"
"2024-07-15T11:27:05.339Z - GET /Diaries/07122024"
"2024-07-15T11:27:06.517Z - GET /Diaries/07132024"
"2024-07-15T11:27:07.326Z - GET /Diaries/07142024"
"2024-07-15T11:27:08.961Z - GET /Diaries/07152024"
"2024-07-15T11:27:11.442Z - GET /Diaries/07152024"
"2024-07-15T11:27:11.445Z - GET /Diaries/07152024"
"2024-07-15T11:27:23.408Z - POST /Diaries"
"2024-07-15T11:27:26.915Z - GET /Diaries/07152024"
"2024-07-15T11:27:26.919Z - GET /Diaries/07152024"
"2024-07-15T11:27:28.891Z - GET /Diaries/07152024"
"2024-07-15T11:27:28.895Z - GET /Diaries/07152024"
"2024-07-15T11:29:46.112Z - GET /Diaries/07152024"
"2024-07-15T11:29:46.116Z - GET /Diaries/07152024"
"2024-07-15T11:29:49.386Z - GET /Diaries/07142024"
"2024-07-15T11:29:50.255Z - GET /Diaries/07152024"
